<?xml version="1.0" encoding="UTF-8"?>
<!-- Generated by org.testng.reporters.JUnitReportReporter -->
<testsuite skipped="2" hostname="172-31-69-192" name="demoSelenium.Demo" tests="3" failures="0" timestamp="2022-11-21T12:40:29 UTC" time="15.078" errors="0">
  <testcase name="edge" time="15.078" classname="demoSelenium.Demo"/>
  <testcase name="ie" classname="demoSelenium.Demo">
    <skipped/>
  </testcase> <!-- ie -->
  <testcase name="chrome" classname="demoSelenium.Demo">
    <skipped/>
  </testcase> <!-- chrome -->
</testsuite> <!-- demoSelenium.Demo -->
